mode: set
github.com/grafana/grafana/pkg/services/cloudmigration/gmsclient/gms_client.go:21.53,22.40 1 1
github.com/grafana/grafana/pkg/services/cloudmigration/gmsclient/gms_client.go:22.40,24.3 1 1
github.com/grafana/grafana/pkg/services/cloudmigration/gmsclient/gms_client.go:25.2,28.8 1 1
github.com/grafana/grafana/pkg/services/cloudmigration/gmsclient/gms_client.go:39.111,45.16 3 0
github.com/grafana/grafana/pkg/services/cloudmigration/gmsclient/gms_client.go:45.16,48.3 2 0
github.com/grafana/grafana/pkg/services/cloudmigration/gmsclient/gms_client.go:49.2,56.16 5 0
github.com/grafana/grafana/pkg/services/cloudmigration/gmsclient/gms_client.go:56.16,59.3 2 0
github.com/grafana/grafana/pkg/services/cloudmigration/gmsclient/gms_client.go:60.2,60.15 1 0
github.com/grafana/grafana/pkg/services/cloudmigration/gmsclient/gms_client.go:60.15,61.53 1 0
github.com/grafana/grafana/pkg/services/cloudmigration/gmsclient/gms_client.go:61.53,63.4 1 0
github.com/grafana/grafana/pkg/services/cloudmigration/gmsclient/gms_client.go:66.2,66.28 1 0
github.com/grafana/grafana/pkg/services/cloudmigration/gmsclient/gms_client.go:66.28,69.3 2 0
github.com/grafana/grafana/pkg/services/cloudmigration/gmsclient/gms_client.go:71.2,71.12 1 0
github.com/grafana/grafana/pkg/services/cloudmigration/gmsclient/gms_client.go:75.198,80.16 4 0
github.com/grafana/grafana/pkg/services/cloudmigration/gmsclient/gms_client.go:80.16,82.3 1 0
github.com/grafana/grafana/pkg/services/cloudmigration/gmsclient/gms_client.go:85.2,86.16 2 0
github.com/grafana/grafana/pkg/services/cloudmigration/gmsclient/gms_client.go:86.16,89.3 2 0
github.com/grafana/grafana/pkg/services/cloudmigration/gmsclient/gms_client.go:90.2,95.16 5 0
github.com/grafana/grafana/pkg/services/cloudmigration/gmsclient/gms_client.go:95.16,98.3 2 0
github.com/grafana/grafana/pkg/services/cloudmigration/gmsclient/gms_client.go:99.2,99.15 1 0
github.com/grafana/grafana/pkg/services/cloudmigration/gmsclient/gms_client.go:99.15,100.53 1 0
github.com/grafana/grafana/pkg/services/cloudmigration/gmsclient/gms_client.go:100.53,102.4 1 0
github.com/grafana/grafana/pkg/services/cloudmigration/gmsclient/gms_client.go:105.2,105.28 1 0
github.com/grafana/grafana/pkg/services/cloudmigration/gmsclient/gms_client.go:105.28,108.3 2 0
github.com/grafana/grafana/pkg/services/cloudmigration/gmsclient/gms_client.go:110.2,111.68 2 0
github.com/grafana/grafana/pkg/services/cloudmigration/gmsclient/gms_client.go:111.68,114.3 2 0
github.com/grafana/grafana/pkg/services/cloudmigration/gmsclient/gms_client.go:116.2,117.18 2 0
github.com/grafana/grafana/pkg/services/cloudmigration/gmsclient/gms_client.go:120.161,125.16 3 0
github.com/grafana/grafana/pkg/services/cloudmigration/gmsclient/gms_client.go:125.16,128.3 2 0
github.com/grafana/grafana/pkg/services/cloudmigration/gmsclient/gms_client.go:129.2,136.16 5 0
github.com/grafana/grafana/pkg/services/cloudmigration/gmsclient/gms_client.go:136.16,139.3 2 0
github.com/grafana/grafana/pkg/services/cloudmigration/gmsclient/gms_client.go:139.8,139.35 1 0
github.com/grafana/grafana/pkg/services/cloudmigration/gmsclient/gms_client.go:139.35,142.17 3 0
github.com/grafana/grafana/pkg/services/cloudmigration/gmsclient/gms_client.go:142.17,144.4 1 0
github.com/grafana/grafana/pkg/services/cloudmigration/gmsclient/gms_client.go:145.3,145.70 1 0
github.com/grafana/grafana/pkg/services/cloudmigration/gmsclient/gms_client.go:148.2,148.15 1 0
github.com/grafana/grafana/pkg/services/cloudmigration/gmsclient/gms_client.go:148.15,149.53 1 0
github.com/grafana/grafana/pkg/services/cloudmigration/gmsclient/gms_client.go:149.53,151.4 1 0
github.com/grafana/grafana/pkg/services/cloudmigration/gmsclient/gms_client.go:154.2,155.67 2 0
github.com/grafana/grafana/pkg/services/cloudmigration/gmsclient/gms_client.go:155.67,157.3 1 0
github.com/grafana/grafana/pkg/services/cloudmigration/gmsclient/gms_client.go:159.2,159.21 1 0
github.com/grafana/grafana/pkg/services/cloudmigration/gmsclient/gms_client.go:162.221,170.16 5 0
github.com/grafana/grafana/pkg/services/cloudmigration/gmsclient/gms_client.go:170.16,173.3 2 0
github.com/grafana/grafana/pkg/services/cloudmigration/gmsclient/gms_client.go:174.2,182.16 6 0
github.com/grafana/grafana/pkg/services/cloudmigration/gmsclient/gms_client.go:182.16,185.3 2 0
github.com/grafana/grafana/pkg/services/cloudmigration/gmsclient/gms_client.go:185.8,185.35 1 0
github.com/grafana/grafana/pkg/services/cloudmigration/gmsclient/gms_client.go:185.35,188.17 3 0
github.com/grafana/grafana/pkg/services/cloudmigration/gmsclient/gms_client.go:188.17,190.4 1 0
github.com/grafana/grafana/pkg/services/cloudmigration/gmsclient/gms_client.go:191.3,191.70 1 0
github.com/grafana/grafana/pkg/services/cloudmigration/gmsclient/gms_client.go:194.2,194.15 1 0
github.com/grafana/grafana/pkg/services/cloudmigration/gmsclient/gms_client.go:194.15,195.43 1 0
github.com/grafana/grafana/pkg/services/cloudmigration/gmsclient/gms_client.go:195.43,197.4 1 0
github.com/grafana/grafana/pkg/services/cloudmigration/gmsclient/gms_client.go:200.2,201.67 2 0
github.com/grafana/grafana/pkg/services/cloudmigration/gmsclient/gms_client.go:201.67,204.3 2 0
github.com/grafana/grafana/pkg/services/cloudmigration/gmsclient/gms_client.go:206.2,206.21 1 0
github.com/grafana/grafana/pkg/services/cloudmigration/gmsclient/gms_client.go:209.181,214.16 3 0
github.com/grafana/grafana/pkg/services/cloudmigration/gmsclient/gms_client.go:214.16,217.3 2 0
github.com/grafana/grafana/pkg/services/cloudmigration/gmsclient/gms_client.go:218.2,225.16 5 0
github.com/grafana/grafana/pkg/services/cloudmigration/gmsclient/gms_client.go:225.16,228.3 2 0
github.com/grafana/grafana/pkg/services/cloudmigration/gmsclient/gms_client.go:228.8,228.35 1 0
github.com/grafana/grafana/pkg/services/cloudmigration/gmsclient/gms_client.go:228.35,231.17 3 0
github.com/grafana/grafana/pkg/services/cloudmigration/gmsclient/gms_client.go:231.17,233.4 1 0
github.com/grafana/grafana/pkg/services/cloudmigration/gmsclient/gms_client.go:234.3,234.69 1 0
github.com/grafana/grafana/pkg/services/cloudmigration/gmsclient/gms_client.go:237.2,237.15 1 0
github.com/grafana/grafana/pkg/services/cloudmigration/gmsclient/gms_client.go:237.15,238.43 1 0
github.com/grafana/grafana/pkg/services/cloudmigration/gmsclient/gms_client.go:238.43,240.4 1 0
github.com/grafana/grafana/pkg/services/cloudmigration/gmsclient/gms_client.go:243.2,244.67 2 0
github.com/grafana/grafana/pkg/services/cloudmigration/gmsclient/gms_client.go:244.67,247.3 2 0
github.com/grafana/grafana/pkg/services/cloudmigration/gmsclient/gms_client.go:249.2,249.30 1 0
github.com/grafana/grafana/pkg/services/cloudmigration/gmsclient/gms_client.go:252.127,253.46 1 0
github.com/grafana/grafana/pkg/services/cloudmigration/gmsclient/gms_client.go:253.46,255.3 1 0
github.com/grafana/grafana/pkg/services/cloudmigration/gmsclient/gms_client.go:257.2,260.60 3 0
github.com/grafana/grafana/pkg/services/cloudmigration/gmsclient/gms_client.go:260.60,263.3 2 0
github.com/grafana/grafana/pkg/services/cloudmigration/gmsclient/gms_client.go:265.2,266.16 2 0
github.com/grafana/grafana/pkg/services/cloudmigration/gmsclient/gms_client.go:266.16,269.3 2 0
github.com/grafana/grafana/pkg/services/cloudmigration/gmsclient/gms_client.go:270.2,277.16 5 0
github.com/grafana/grafana/pkg/services/cloudmigration/gmsclient/gms_client.go:277.16,280.3 2 0
github.com/grafana/grafana/pkg/services/cloudmigration/gmsclient/gms_client.go:280.8,280.35 1 0
github.com/grafana/grafana/pkg/services/cloudmigration/gmsclient/gms_client.go:280.35,283.17 3 0
github.com/grafana/grafana/pkg/services/cloudmigration/gmsclient/gms_client.go:283.17,286.4 2 0
github.com/grafana/grafana/pkg/services/cloudmigration/gmsclient/gms_client.go:287.3,288.9 2 0
github.com/grafana/grafana/pkg/services/cloudmigration/gmsclient/gms_client.go:291.2,291.15 1 0
github.com/grafana/grafana/pkg/services/cloudmigration/gmsclient/gms_client.go:291.15,292.43 1 0
github.com/grafana/grafana/pkg/services/cloudmigration/gmsclient/gms_client.go:292.43,294.4 1 0
github.com/grafana/grafana/pkg/services/cloudmigration/gmsclient/gms_client.go:298.66,300.83 2 1
github.com/grafana/grafana/pkg/services/cloudmigration/gmsclient/gms_client.go:300.83,302.3 1 1
github.com/grafana/grafana/pkg/services/cloudmigration/gmsclient/gms_client.go:303.2,303.79 1 1
github.com/grafana/grafana/pkg/services/cloudmigration/gmsclient/gms_client.go:306.91,308.42 2 0
github.com/grafana/grafana/pkg/services/cloudmigration/gmsclient/gms_client.go:308.42,316.3 2 0
github.com/grafana/grafana/pkg/services/cloudmigration/gmsclient/gms_client.go:317.2,320.10 2 0
github.com/grafana/grafana/pkg/services/cloudmigration/gmsclient/gms_client.go:323.95,325.41 2 0
github.com/grafana/grafana/pkg/services/cloudmigration/gmsclient/gms_client.go:325.41,333.3 2 0
github.com/grafana/grafana/pkg/services/cloudmigration/gmsclient/gms_client.go:334.2,337.3 1 0
github.com/grafana/grafana/pkg/services/cloudmigration/gmsclient/inmemory_client.go:17.33,19.2 1 0
github.com/grafana/grafana/pkg/services/cloudmigration/gmsclient/inmemory_client.go:25.108,27.2 1 0
github.com/grafana/grafana/pkg/services/cloudmigration/gmsclient/inmemory_client.go:33.48,38.34 2 0
github.com/grafana/grafana/pkg/services/cloudmigration/gmsclient/inmemory_client.go:38.34,44.3 1 0
github.com/grafana/grafana/pkg/services/cloudmigration/gmsclient/inmemory_client.go:47.2,52.21 5 0
github.com/grafana/grafana/pkg/services/cloudmigration/gmsclient/inmemory_client.go:55.151,57.16 2 0
github.com/grafana/grafana/pkg/services/cloudmigration/gmsclient/inmemory_client.go:57.16,59.3 1 0
github.com/grafana/grafana/pkg/services/cloudmigration/gmsclient/inmemory_client.go:61.2,73.16 3 0
github.com/grafana/grafana/pkg/services/cloudmigration/gmsclient/inmemory_client.go:73.16,75.3 1 0
github.com/grafana/grafana/pkg/services/cloudmigration/gmsclient/inmemory_client.go:77.2,85.24 2 0
github.com/grafana/grafana/pkg/services/cloudmigration/gmsclient/inmemory_client.go:88.224,118.2 2 0
github.com/grafana/grafana/pkg/services/cloudmigration/gmsclient/inmemory_client.go:120.181,122.2 1 0
github.com/grafana/grafana/pkg/services/cloudmigration/gmsclient/inmemory_client.go:124.113,125.2 0 0
